<html>
<head>
<title>TestNG:  epay_Test_DirectService_OCNS00000TMN02</title>
<link href="../testng.css" rel="stylesheet" type="text/css" />
<link href="../my-testng.css" rel="stylesheet" type="text/css" />

<style type="text/css">
.log { display: none;} 
.stack-trace { display: none;} 
</style>
<script type="text/javascript">
<!--
function flip(e) {
  current = e.style.display;
  if (current == 'block') {
    e.style.display = 'none';
    return 0;
  }
  else {
    e.style.display = 'block';
    return 1;
  }
}

function toggleBox(szDivId, elem, msg1, msg2)
{
  var res = -1;  if (document.getElementById) {
    res = flip(document.getElementById(szDivId));
  }
  else if (document.all) {
    // this is the way old msie versions work
    res = flip(document.all[szDivId]);
  }
  if(elem) {
    if(res == 0) elem.innerHTML = msg1; else elem.innerHTML = msg2;
  }

}

function toggleAllBoxes() {
  if (document.getElementsByTagName) {
    d = document.getElementsByTagName('div');
    for (i = 0; i < d.length; i++) {
      if (d[i].className == 'log') {
        flip(d[i]);
      }
    }
  }
}

// -->
</script>

</head>
<body>
<h2 align='center'>epay_Test_DirectService_OCNS00000TMN02</h2><table border='1' align="center">
<tr>
<td>Tests passed/Failed/Skipped:</td><td>0/2/0</td>
</tr><tr>
<td>Started on:</td><td>Sat Jan 11 12:04:49 IST 2025</td>
</tr>
<tr><td>Total time:</td><td>33 seconds (33221 ms)</td>
</tr><tr>
<td>Included groups:</td><td></td>
</tr><tr>
<td>Excluded groups:</td><td></td>
</tr>
</table><p/>
<small><i>(Hover the method name to see the test class name)</i></small><p/>
<table width='100%' border='1' class='invocation-failed'>
<tr><td colspan='4' align='center'><b>FAILED TESTS</b></td></tr>
<tr><td><b>Test method</b></td>
<td><b>Attribute(s)</b></td>
<td width="30%"><b>Exception</b></td>
<td width="10%"><b>Time (seconds)</b></td>
<td><b>Instance</b></td>
</tr>
<tr>
<td title='com.RestAssured.epay.tests.epay_DirectRequest_NPCI.PostCreate_User()'><b>PostCreate_User</b><br>Test class: com.RestAssured.epay.tests.epay_DirectRequest_NPCI<br>Parameters: Service, 10.13.139.44, BBS, BBS_01, BBS_01, BBS_01, EU01EU02000000000001, OCNS00000TMN02, 100000, 0, MOB, INITIATING_CHANNEL, MOB, IP, 122.15.121.179, OS, Android, APP, 1.23456789E8, IMEI, 1234567gdf89, No, MOBILE, N6aeAZ76ZIgz36Tl5jIh9Q==, EMAIL, 2GqSrdtRgkF7UxaQPOfV71cZmwLCKz7tYMu5ZmvO1Y0=, a, 10, a b, 20, a b c, 30, a b c d, 40, a b c d e, 50, Wallet, WalletName|MobileNo, 2kNWfZfGuTHZSHTb92+QhXc1Lg5RqJ3GnTovfruYSEk=, null</td>
<td><div><pre>java.lang.AssertionError: Verify Length of Euronet Ref No. is of 10 digit expected [10] but found [1]
	at com.RestAssured.Collection.ResponseAction.epay_Validate_Field_Presence_Structure.Validate_EuronetRefNo(epay_Validate_Field_Presence_Structure.java:21)
	at com.RestAssured.epay.tests.epay_DirectRequest_NPCI.PostCreate_User(epay_DirectRequest_NPCI.java:105)
	at java.base/java.util.ArrayList.forEach(ArrayList.java:1511)
... Removed 33 stack frames</pre></div><a href='#' onClick='toggleBox("stack-trace1495001258", this, "Click to show all stack frames", "Click to hide stack frames")'>Click to show all stack frames</a>
<div class='stack-trace' id='stack-trace1495001258'><pre>java.lang.AssertionError: Verify Length of Euronet Ref No. is of 10 digit expected [10] but found [1]
	at org.testng.Assert.fail(Assert.java:111)
	at org.testng.Assert.failNotEquals(Assert.java:1578)
	at org.testng.Assert.assertEqualsImpl(Assert.java:150)
	at org.testng.Assert.assertEquals(Assert.java:132)
	at org.testng.Assert.assertEquals(Assert.java:1419)
	at org.testng.Assert.assertEquals(Assert.java:1383)
	at com.RestAssured.Collection.ResponseAction.epay_Validate_Field_Presence_Structure.Validate_EuronetRefNo(epay_Validate_Field_Presence_Structure.java:21)
	at com.RestAssured.epay.tests.epay_DirectRequest_NPCI.PostCreate_User(epay_DirectRequest_NPCI.java:105)
	at java.base/jdk.internal.reflect.NativeMethodAccessorImpl.invoke0(Native Method)
	at java.base/jdk.internal.reflect.NativeMethodAccessorImpl.invoke(NativeMethodAccessorImpl.java:78)
	at java.base/jdk.internal.reflect.DelegatingMethodAccessorImpl.invoke(DelegatingMethodAccessorImpl.java:43)
	at java.base/java.lang.reflect.Method.invoke(Method.java:567)
	at org.testng.internal.invokers.MethodInvocationHelper.invokeMethod(MethodInvocationHelper.java:139)
	at org.testng.internal.invokers.TestInvoker.invokeMethod(TestInvoker.java:664)
	at org.testng.internal.invokers.TestInvoker.invokeTestMethod(TestInvoker.java:227)
	at org.testng.internal.invokers.MethodRunner.runInSequence(MethodRunner.java:50)
	at org.testng.internal.invokers.TestInvoker$MethodInvocationAgent.invoke(TestInvoker.java:957)
	at org.testng.internal.invokers.TestInvoker.invokeTestMethods(TestInvoker.java:200)
	at org.testng.internal.invokers.TestMethodWorker.invokeTestMethods(TestMethodWorker.java:148)
	at org.testng.internal.invokers.TestMethodWorker.run(TestMethodWorker.java:128)
	at java.base/java.util.ArrayList.forEach(ArrayList.java:1511)
	at org.testng.TestRunner.privateRun(TestRunner.java:848)
	at org.testng.TestRunner.run(TestRunner.java:621)
	at org.testng.SuiteRunner.runTest(SuiteRunner.java:443)
	at org.testng.SuiteRunner.runSequentially(SuiteRunner.java:437)
	at org.testng.SuiteRunner.privateRun(SuiteRunner.java:397)
	at org.testng.SuiteRunner.run(SuiteRunner.java:336)
	at org.testng.SuiteRunnerWorker.runSuite(SuiteRunnerWorker.java:52)
	at org.testng.SuiteRunnerWorker.run(SuiteRunnerWorker.java:95)
	at org.testng.TestNG.runSuitesSequentially(TestNG.java:1280)
	at org.testng.TestNG.runSuitesLocally(TestNG.java:1200)
	at org.testng.TestNG.runSuites(TestNG.java:1114)
	at org.testng.TestNG.run(TestNG.java:1082)
	at org.testng.remote.AbstractRemoteTestNG.run(AbstractRemoteTestNG.java:115)
	at org.testng.remote.RemoteTestNG.initAndRun(RemoteTestNG.java:251)
	at org.testng.remote.RemoteTestNG.main(RemoteTestNG.java:77)
</pre></div></td>
<td>28</td>
<td>com.RestAssured.epay.tests.epay_DirectRequest_NPCI@229f66ed</td></tr>
<tr>
<td title='com.RestAssured.epay.tests.epay_DirectRequest_NPCI.PostCreate_User()'><b>PostCreate_User</b><br>Test class: com.RestAssured.epay.tests.epay_DirectRequest_NPCI<br>Parameters: Service, 10.13.139.44, BBS, BBS_01, BBS_01, BBS_01, EU01EU02000000000001, OCNS00000TMN02, -100000, 0, MOB, INITIATING_CHANNEL, MOB, IP, 122.15.121.179, OS, Android, APP, 1.23456789E8, IMEI, 1234567gdf89, No, MOBILE, N6aeAZ76ZIgz36Tl5jIh9Q==, EMAIL, 2GqSrdtRgkF7UxaQPOfV71cZmwLCKz7tYMu5ZmvO1Y0=, a, 10, a b, 20, a b c, 30, a b c d, 40, a b c d e, 50, Wallet, WalletName|MobileNo, 2kNWfZfGuTHZSHTb92+QhXc1Lg5RqJ3GnTovfruYSEk=, null</td>
<td><div><pre>java.lang.AssertionError: Verify Length of Euronet Ref No. is of 10 digit expected [10] but found [1]
	at com.RestAssured.Collection.ResponseAction.epay_Validate_Field_Presence_Structure.Validate_EuronetRefNo(epay_Validate_Field_Presence_Structure.java:21)
	at com.RestAssured.epay.tests.epay_DirectRequest_NPCI.PostCreate_User(epay_DirectRequest_NPCI.java:105)
	at java.base/java.util.ArrayList.forEach(ArrayList.java:1511)
... Removed 33 stack frames</pre></div><a href='#' onClick='toggleBox("stack-trace318558192", this, "Click to show all stack frames", "Click to hide stack frames")'>Click to show all stack frames</a>
<div class='stack-trace' id='stack-trace318558192'><pre>java.lang.AssertionError: Verify Length of Euronet Ref No. is of 10 digit expected [10] but found [1]
	at org.testng.Assert.fail(Assert.java:111)
	at org.testng.Assert.failNotEquals(Assert.java:1578)
	at org.testng.Assert.assertEqualsImpl(Assert.java:150)
	at org.testng.Assert.assertEquals(Assert.java:132)
	at org.testng.Assert.assertEquals(Assert.java:1419)
	at org.testng.Assert.assertEquals(Assert.java:1383)
	at com.RestAssured.Collection.ResponseAction.epay_Validate_Field_Presence_Structure.Validate_EuronetRefNo(epay_Validate_Field_Presence_Structure.java:21)
	at com.RestAssured.epay.tests.epay_DirectRequest_NPCI.PostCreate_User(epay_DirectRequest_NPCI.java:105)
	at java.base/jdk.internal.reflect.NativeMethodAccessorImpl.invoke0(Native Method)
	at java.base/jdk.internal.reflect.NativeMethodAccessorImpl.invoke(NativeMethodAccessorImpl.java:78)
	at java.base/jdk.internal.reflect.DelegatingMethodAccessorImpl.invoke(DelegatingMethodAccessorImpl.java:43)
	at java.base/java.lang.reflect.Method.invoke(Method.java:567)
	at org.testng.internal.invokers.MethodInvocationHelper.invokeMethod(MethodInvocationHelper.java:139)
	at org.testng.internal.invokers.TestInvoker.invokeMethod(TestInvoker.java:664)
	at org.testng.internal.invokers.TestInvoker.invokeTestMethod(TestInvoker.java:227)
	at org.testng.internal.invokers.MethodRunner.runInSequence(MethodRunner.java:50)
	at org.testng.internal.invokers.TestInvoker$MethodInvocationAgent.invoke(TestInvoker.java:957)
	at org.testng.internal.invokers.TestInvoker.invokeTestMethods(TestInvoker.java:200)
	at org.testng.internal.invokers.TestMethodWorker.invokeTestMethods(TestMethodWorker.java:148)
	at org.testng.internal.invokers.TestMethodWorker.run(TestMethodWorker.java:128)
	at java.base/java.util.ArrayList.forEach(ArrayList.java:1511)
	at org.testng.TestRunner.privateRun(TestRunner.java:848)
	at org.testng.TestRunner.run(TestRunner.java:621)
	at org.testng.SuiteRunner.runTest(SuiteRunner.java:443)
	at org.testng.SuiteRunner.runSequentially(SuiteRunner.java:437)
	at org.testng.SuiteRunner.privateRun(SuiteRunner.java:397)
	at org.testng.SuiteRunner.run(SuiteRunner.java:336)
	at org.testng.SuiteRunnerWorker.runSuite(SuiteRunnerWorker.java:52)
	at org.testng.SuiteRunnerWorker.run(SuiteRunnerWorker.java:95)
	at org.testng.TestNG.runSuitesSequentially(TestNG.java:1280)
	at org.testng.TestNG.runSuitesLocally(TestNG.java:1200)
	at org.testng.TestNG.runSuites(TestNG.java:1114)
	at org.testng.TestNG.run(TestNG.java:1082)
	at org.testng.remote.AbstractRemoteTestNG.run(AbstractRemoteTestNG.java:115)
	at org.testng.remote.RemoteTestNG.initAndRun(RemoteTestNG.java:251)
	at org.testng.remote.RemoteTestNG.main(RemoteTestNG.java:77)
</pre></div></td>
<td>0</td>
<td>com.RestAssured.epay.tests.epay_DirectRequest_NPCI@229f66ed</td></tr>
</table><p>
</body>
</html>