

<!DOCTYPE html>
<html>
<head>
<meta charset="UTF-8">
<meta name="viewport" content="width=device-width, initial-scale=1, shrink-to-fit=no">
<title>Automated Test Results</title>
<link rel="apple-touch-icon" href="https://cdn.jsdelivr.net/gh/extent-framework/extent-github-cdn@b00a2d0486596e73dd7326beacf352c639623a0e/commons/img/logo.png">
<link rel="shortcut icon" href="https://cdn.jsdelivr.net/gh/extent-framework/extent-github-cdn@b00a2d0486596e73dd7326beacf352c639623a0e/commons/img/logo.png">
<link href="https://cdn.jsdelivr.net/gh/extent-framework/extent-github-cdn@d6562a79075e061305ccfdb82f01e5e195e2d307/spark/css/spark-style.css" rel="stylesheet" />
<link href="https://stackpath.bootstrapcdn.com/font-awesome/4.7.0/css/font-awesome.min.css" rel="stylesheet">
<script src="https://cdn.jsdelivr.net/gh/extent-framework/extent-github-cdn@7cc78ce/spark/js/jsontree.js"></script>
<style type="text/css"></style></head><body class="spa -report standard">
  <div class="app">
    <div class="layout">
<div class="header navbar">
<div class="vheader">
<div class="nav-logo">
<a href="#">
<div class="logo" style="background-image: url('https://cdn.jsdelivr.net/gh/extent-framework/extent-github-cdn@b00a2d0486596e73dd7326beacf352c639623a0e/commons/img/logo.png')"></div>
</a>
</div>
<ul class="nav-left">
<li class="search-box">
<a class="search-toggle" href="#">
<i class="search-icon fa fa-search"></i>
<i class="search-icon-close fa fa-close"></i>
</a>
</li>
<li class="search-input"><input id="search-tests" class="form-control" type="text" placeholder="Search..."></li>
</ul>
<ul class="nav-right">
<li class="m-r-10">
<a href="#"><span class="badge badge-primary">Euronet Project Report</span></a>
</li>
<li class="m-r-10">
<a href="#"><span class="badge badge-primary">Apr 26, 2025 10:00:39 pm</span></a>
</li>
</ul>
</div>
</div><div class="side-nav">
<div class="side-nav-inner">
<ul class="side-nav-menu">
<li class="nav-item dropdown" onclick="toggleView('test-view')">
<a id="nav-test" class="dropdown-toggle" href="#">
<span class="ico"><i class="fa fa-list"></i></span>
</a>
</li>
<li class="nav-item dropdown" onclick="toggleView('exception-view')">
<a id="nav-exception" class="dropdown-toggle" href="#">
<span class="ico"><i class="fa fa-bug"></i></span>
</a>
</li>
<li class="nav-item dropdown" onclick="toggleView('dashboard-view')">
<a id="nav-dashboard" class="dropdown-toggle" href="#">
<span class="ico"><i class="fa fa-bar-chart"></i></span>
</a>
</li>
</ul>
</div>
</div>      <div class="vcontainer">
        <div class="main-content">
<div class="test-wrapper row view test-view">
  <div class="test-list">
    <div class="test-list-tools">
<ul class="tools pull-left">
<li><a href="#"><span class="font-size-14">Tests</span></a></li>
</ul>
<ul class="tools text-right">
<li class="dropdown">
<a href="#" class="dropdown-toggle" data-toggle="dropdown"><i class="fa fa-exclamation-circle"></i></a>
<ul id="status-toggle" class="dropdown-menu dropdown-md p-v-0">
<a class="dropdown-item" status="pass" href="#"><span>Pass</span><span class="status success"></span></a>
<a class="dropdown-item" status="fail" href="#"><span>Fail</span><span class="status danger"></span></a>
<div class="dropdown-divider"></div>
<a status="clear" class="dropdown-item" href="#"><span>Clear</span><span class="pull-right"><i class="fa fa-close"></i></span></a>
</ul>
</li>
</ul>
</div>    <div class="test-list-wrapper scrollable">
      <ul class="test-list-item">
        <li class="test-item"  status="fail" test-id="1"
          author=""
          tag=""
          device="">
          <div class="test-detail">
            <p class="name">Browser Run : CHROME - AddNewRecord : Data Set :1</p>
            <p class="text-sm">
              <span>10:00:48 pm</span> / <span>00:00:33:078</span>
              <span class="badge fail-bg log float-right">Fail</span>
            </p>
          </div>
          <div class="test-contents d-none">
<div class="detail-head">
<div class="p-v-10">
<div class="info">
<h5 class="test-status text-fail">Browser Run : CHROME - AddNewRecord : Data Set :1</h5>
<span class='badge badge-success'>04.26.2025 10:00:48 pm</span>
<span class='badge badge-danger'>04.26.2025 10:01:21 pm</span>
<span class='badge badge-default'>00:00:33:078</span>
&middot; <span class='uri-anchor badge badge-default'>#test-id=1</span>
<span class='badge badge-default pointer float-right ml-1 et'><i class="fa fa-chevron-down"></i></span>
<span class='badge badge-default pointer float-right ct'><i class="fa fa-chevron-up"></i></span>
</div>
</div>
</div>    <div class="row mb-3"><div class="col-md-3">
<img data-featherlight='C:\Users\sonya\eclipse-workspace\Bundle_Automation_Projects/CRM_Screenshots/894915_Failed Snap.jpeg' src="C:\Users\sonya\eclipse-workspace\Bundle_Automation_Projects/CRM_Screenshots/894915_Failed Snap.jpeg">
    <div class="title">Test Step Failed</div>
    </div></div>
<div class="detail-body mt-4">
<table class="table table-sm">
  <thead><tr><th class="status-col">Status</th><th class="timestamp-col">Timestamp</th><th class="details-col">Details</th></tr></thead>
  <tbody>
      <tr class="event-row">
        <td><span class="badge log pass-bg">Pass</span></td>
        <td>10:00:49 pm</td>
        <td>
          Test Step :- Navigated to URL || Executed on Browser : CHROME
        </td>
      </tr>
      <tr class="event-row">
        <td><span class="badge log pass-bg">Pass</span></td>
        <td>10:00:49 pm</td>
        <td>
          
    <div class="row mb-3"><div class="col-md-3">
<img data-featherlight='C:\Users\sonya\eclipse-workspace\Bundle_Automation_Projects/CRM_Screenshots/894915_Navigated to URL.jpeg' src="C:\Users\sonya\eclipse-workspace\Bundle_Automation_Projects/CRM_Screenshots/894915_Navigated to URL.jpeg">
    
    </div></div>
        </td>
      </tr>
      <tr class="event-row">
        <td><span class="badge log pass-bg">Pass</span></td>
        <td>10:00:50 pm</td>
        <td>
          Test Step :- Maker Username Entered || Executed on Browser : CHROME
        </td>
      </tr>
      <tr class="event-row">
        <td><span class="badge log pass-bg">Pass</span></td>
        <td>10:00:50 pm</td>
        <td>
          
    <div class="row mb-3"><div class="col-md-3">
<img data-featherlight='C:\Users\sonya\eclipse-workspace\Bundle_Automation_Projects/CRM_Screenshots/894915_Maker Username Entered.jpeg' src="C:\Users\sonya\eclipse-workspace\Bundle_Automation_Projects/CRM_Screenshots/894915_Maker Username Entered.jpeg">
    
    </div></div>
        </td>
      </tr>
      <tr class="event-row">
        <td><span class="badge log pass-bg">Pass</span></td>
        <td>10:00:50 pm</td>
        <td>
          Test Step :- Maker Password Entered || Executed on Browser : CHROME
        </td>
      </tr>
      <tr class="event-row">
        <td><span class="badge log pass-bg">Pass</span></td>
        <td>10:00:50 pm</td>
        <td>
          
    <div class="row mb-3"><div class="col-md-3">
<img data-featherlight='C:\Users\sonya\eclipse-workspace\Bundle_Automation_Projects/CRM_Screenshots/894915_Maker Password Entered.jpeg' src="C:\Users\sonya\eclipse-workspace\Bundle_Automation_Projects/CRM_Screenshots/894915_Maker Password Entered.jpeg">
    
    </div></div>
        </td>
      </tr>
      <tr class="event-row">
        <td><span class="badge log pass-bg">Pass</span></td>
        <td>10:00:53 pm</td>
        <td>
          Test Step :- CRM-Successful Login || Executed on Browser : CHROME
        </td>
      </tr>
      <tr class="event-row">
        <td><span class="badge log pass-bg">Pass</span></td>
        <td>10:00:53 pm</td>
        <td>
          
    <div class="row mb-3"><div class="col-md-3">
<img data-featherlight='C:\Users\sonya\eclipse-workspace\Bundle_Automation_Projects/CRM_Screenshots/894915_CRM-Successful Login.jpeg' src="C:\Users\sonya\eclipse-workspace\Bundle_Automation_Projects/CRM_Screenshots/894915_CRM-Successful Login.jpeg">
    
    </div></div>
        </td>
      </tr>
      <tr class="event-row">
        <td><span class="badge log pass-bg">Pass</span></td>
        <td>10:00:54 pm</td>
        <td>
          Test Step :- CRM-Enivornment Selected || Executed on Browser : CHROME
        </td>
      </tr>
      <tr class="event-row">
        <td><span class="badge log pass-bg">Pass</span></td>
        <td>10:00:54 pm</td>
        <td>
          
    <div class="row mb-3"><div class="col-md-3">
<img data-featherlight='C:\Users\sonya\eclipse-workspace\Bundle_Automation_Projects/CRM_Screenshots/894915_CRM-Enivornment Selected.jpeg' src="C:\Users\sonya\eclipse-workspace\Bundle_Automation_Projects/CRM_Screenshots/894915_CRM-Enivornment Selected.jpeg">
    
    </div></div>
        </td>
      </tr>
      <tr class="event-row">
        <td><span class="badge log pass-bg">Pass</span></td>
        <td>10:01:03 pm</td>
        <td>
          Test Step :- CRM-Menu Selected || Executed on Browser : CHROME
        </td>
      </tr>
      <tr class="event-row">
        <td><span class="badge log pass-bg">Pass</span></td>
        <td>10:01:03 pm</td>
        <td>
          
    <div class="row mb-3"><div class="col-md-3">
<img data-featherlight='C:\Users\sonya\eclipse-workspace\Bundle_Automation_Projects/CRM_Screenshots/894915_CRM-Menu Selected.jpeg' src="C:\Users\sonya\eclipse-workspace\Bundle_Automation_Projects/CRM_Screenshots/894915_CRM-Menu Selected.jpeg">
    
    </div></div>
        </td>
      </tr>
      <tr class="event-row">
        <td><span class="badge log pass-bg">Pass</span></td>
        <td>10:01:04 pm</td>
        <td>
          Test Step :- CRM Add Menu Opened || Executed on Browser : CHROME
        </td>
      </tr>
      <tr class="event-row">
        <td><span class="badge log pass-bg">Pass</span></td>
        <td>10:01:04 pm</td>
        <td>
          
    <div class="row mb-3"><div class="col-md-3">
<img data-featherlight='C:\Users\sonya\eclipse-workspace\Bundle_Automation_Projects/CRM_Screenshots/894915_CRM Add Menu Opened.jpeg' src="C:\Users\sonya\eclipse-workspace\Bundle_Automation_Projects/CRM_Screenshots/894915_CRM Add Menu Opened.jpeg">
    
    </div></div>
        </td>
      </tr>
      <tr class="event-row">
        <td><span class="badge log fail-bg">Fail</span></td>
        <td>10:01:20 pm</td>
        <td>
          Test Case : AddNewRecord is Failed. / Executed on Browser : CHROME
        </td>
      </tr>
      <tr class="event-row">
        <td><span class="badge log fail-bg">Fail</span></td>
        <td>10:01:20 pm</td>
        <td>
          <textarea readonly class="code-block">org.openqa.selenium.TimeoutException: Expected condition failed: waiting for visibility of all [] (tried for 12 second(s) with 500 milliseconds interval)
Build info: version: '4.20.0', revision: '866c76ca80'
System info: os.name: 'Windows 10', os.arch: 'amd64', os.version: '10.0', java.version: '16.0.1'
Driver info: org.openqa.selenium.chrome.ChromeDriver
Capabilities {acceptInsecureCerts: false, browserName: chrome, browserVersion: 135.0.7049.115, chrome: {chromedriverVersion: 135.0.7049.114 (63fd8a7d9d0..., userDataDir: C:\Users\sonya\AppData\Loca...}, fedcm:accounts: true, goog:chromeOptions: {debuggerAddress: localhost:59843}, networkConnectionEnabled: false, pageLoadStrategy: normal, platformName: windows, proxy: Proxy(), se:cdp: ws://localhost:59843/devtoo..., se:cdpVersion: 135.0.7049.115, setWindowRect: true, strictFileInteractability: false, timeouts: {implicit: 0, pageLoad: 300000, script: 30000}, unhandledPromptBehavior: dismiss and notify, webauthn:extension:credBlob: true, webauthn:extension:largeBlob: true, webauthn:extension:minPinLength: true, webauthn:extension:prf: true, webauthn:virtualAuthenticators: true}
Session ID: c9aca1090e367bc768ad6a3ba9a90ff5
	at org.openqa.selenium.support.ui.WebDriverWait.timeoutException(WebDriverWait.java:84)
	at org.openqa.selenium.support.ui.FluentWait.until(FluentWait.java:228)
	at ePay_CRM.Test_ActionMethods.Method_SpRspCodeMapping.FillInAddDetails(Method_SpRspCodeMapping.java:111)
	at BundleUp.Bundle_Automation_Projects.TestCollection_CRM_ServiceProviderResponseCodeMapping.AddNewRecord(TestCollection_CRM_ServiceProviderResponseCodeMapping.java:39)
	at java.base/jdk.internal.reflect.NativeMethodAccessorImpl.invoke0(Native Method)
	at java.base/jdk.internal.reflect.NativeMethodAccessorImpl.invoke(NativeMethodAccessorImpl.java:78)
	at java.base/jdk.internal.reflect.DelegatingMethodAccessorImpl.invoke(DelegatingMethodAccessorImpl.java:43)
	at java.base/java.lang.reflect.Method.invoke(Method.java:567)
	at org.testng.internal.invokers.MethodInvocationHelper.invokeMethod(MethodInvocationHelper.java:139)
	at org.testng.internal.invokers.TestInvoker.invokeMethod(TestInvoker.java:664)
	at org.testng.internal.invokers.TestInvoker.invokeTestMethod(TestInvoker.java:227)
	at org.testng.internal.invokers.MethodRunner.runInSequence(MethodRunner.java:50)
	at org.testng.internal.invokers.TestInvoker$MethodInvocationAgent.invoke(TestInvoker.java:957)
	at org.testng.internal.invokers.TestInvoker.invokeTestMethods(TestInvoker.java:200)
	at org.testng.internal.invokers.TestMethodWorker.invokeTestMethods(TestMethodWorker.java:148)
	at org.testng.internal.invokers.TestMethodWorker.run(TestMethodWorker.java:128)
	at java.base/java.util.ArrayList.forEach(ArrayList.java:1511)
	at org.testng.TestRunner.privateRun(TestRunner.java:848)
	at org.testng.TestRunner.run(TestRunner.java:621)
	at org.testng.SuiteRunner.runTest(SuiteRunner.java:443)
	at org.testng.SuiteRunner.runSequentially(SuiteRunner.java:437)
	at org.testng.SuiteRunner.privateRun(SuiteRunner.java:397)
	at org.testng.SuiteRunner.run(SuiteRunner.java:336)
	at org.testng.SuiteRunnerWorker.runSuite(SuiteRunnerWorker.java:52)
	at org.testng.SuiteRunnerWorker.run(SuiteRunnerWorker.java:95)
	at org.testng.TestNG.runSuitesSequentially(TestNG.java:1280)
	at org.testng.TestNG.runSuitesLocally(TestNG.java:1200)
	at org.testng.TestNG.runSuites(TestNG.java:1114)
	at org.testng.TestNG.run(TestNG.java:1082)
	at org.testng.remote.AbstractRemoteTestNG.run(AbstractRemoteTestNG.java:115)
	at org.testng.remote.RemoteTestNG.initAndRun(RemoteTestNG.java:251)
	at org.testng.remote.RemoteTestNG.main(RemoteTestNG.java:77)
</textarea>
          
        </td>
      </tr>
  </tbody>
</table>
</div>
          </div>
        </li>
        <li class="test-item"  status="pass" test-id="2"
          author=""
          tag=""
          device="">
          <div class="test-detail">
            <p class="name">Browser Run : CHROME - AddNewRecord : Data Set :2</p>
            <p class="text-sm">
              <span>10:01:25 pm</span> / <span>00:00:34:231</span>
              <span class="badge pass-bg log float-right">Pass</span>
            </p>
          </div>
          <div class="test-contents d-none">
<div class="detail-head">
<div class="p-v-10">
<div class="info">
<h5 class="test-status text-pass">Browser Run : CHROME - AddNewRecord : Data Set :2</h5>
<span class='badge badge-success'>04.26.2025 10:01:25 pm</span>
<span class='badge badge-danger'>04.26.2025 10:02:00 pm</span>
<span class='badge badge-default'>00:00:34:231</span>
&middot; <span class='uri-anchor badge badge-default'>#test-id=2</span>
<span class='badge badge-default pointer float-right ml-1 et'><i class="fa fa-chevron-down"></i></span>
<span class='badge badge-default pointer float-right ct'><i class="fa fa-chevron-up"></i></span>
</div>
</div>
</div><div class="detail-body mt-4">
<table class="table table-sm">
  <thead><tr><th class="status-col">Status</th><th class="timestamp-col">Timestamp</th><th class="details-col">Details</th></tr></thead>
  <tbody>
      <tr class="event-row">
        <td><span class="badge log pass-bg">Pass</span></td>
        <td>10:01:28 pm</td>
        <td>
          Test Step :- Navigated to URL || Executed on Browser : CHROME
        </td>
      </tr>
      <tr class="event-row">
        <td><span class="badge log pass-bg">Pass</span></td>
        <td>10:01:28 pm</td>
        <td>
          
    <div class="row mb-3"><div class="col-md-3">
<img data-featherlight='C:\Users\sonya\eclipse-workspace\Bundle_Automation_Projects/CRM_Screenshots/953094_Navigated to URL.jpeg' src="C:\Users\sonya\eclipse-workspace\Bundle_Automation_Projects/CRM_Screenshots/953094_Navigated to URL.jpeg">
    
    </div></div>
        </td>
      </tr>
      <tr class="event-row">
        <td><span class="badge log pass-bg">Pass</span></td>
        <td>10:01:28 pm</td>
        <td>
          Test Step :- Maker Username Entered || Executed on Browser : CHROME
        </td>
      </tr>
      <tr class="event-row">
        <td><span class="badge log pass-bg">Pass</span></td>
        <td>10:01:28 pm</td>
        <td>
          
    <div class="row mb-3"><div class="col-md-3">
<img data-featherlight='C:\Users\sonya\eclipse-workspace\Bundle_Automation_Projects/CRM_Screenshots/953094_Maker Username Entered.jpeg' src="C:\Users\sonya\eclipse-workspace\Bundle_Automation_Projects/CRM_Screenshots/953094_Maker Username Entered.jpeg">
    
    </div></div>
        </td>
      </tr>
      <tr class="event-row">
        <td><span class="badge log pass-bg">Pass</span></td>
        <td>10:01:28 pm</td>
        <td>
          Test Step :- Maker Password Entered || Executed on Browser : CHROME
        </td>
      </tr>
      <tr class="event-row">
        <td><span class="badge log pass-bg">Pass</span></td>
        <td>10:01:28 pm</td>
        <td>
          
    <div class="row mb-3"><div class="col-md-3">
<img data-featherlight='C:\Users\sonya\eclipse-workspace\Bundle_Automation_Projects/CRM_Screenshots/953094_Maker Password Entered.jpeg' src="C:\Users\sonya\eclipse-workspace\Bundle_Automation_Projects/CRM_Screenshots/953094_Maker Password Entered.jpeg">
    
    </div></div>
        </td>
      </tr>
      <tr class="event-row">
        <td><span class="badge log pass-bg">Pass</span></td>
        <td>10:01:32 pm</td>
        <td>
          Test Step :- CRM-Successful Login || Executed on Browser : CHROME
        </td>
      </tr>
      <tr class="event-row">
        <td><span class="badge log pass-bg">Pass</span></td>
        <td>10:01:32 pm</td>
        <td>
          
    <div class="row mb-3"><div class="col-md-3">
<img data-featherlight='C:\Users\sonya\eclipse-workspace\Bundle_Automation_Projects/CRM_Screenshots/953094_CRM-Successful Login.jpeg' src="C:\Users\sonya\eclipse-workspace\Bundle_Automation_Projects/CRM_Screenshots/953094_CRM-Successful Login.jpeg">
    
    </div></div>
        </td>
      </tr>
      <tr class="event-row">
        <td><span class="badge log pass-bg">Pass</span></td>
        <td>10:01:33 pm</td>
        <td>
          Test Step :- CRM-Enivornment Selected || Executed on Browser : CHROME
        </td>
      </tr>
      <tr class="event-row">
        <td><span class="badge log pass-bg">Pass</span></td>
        <td>10:01:33 pm</td>
        <td>
          
    <div class="row mb-3"><div class="col-md-3">
<img data-featherlight='C:\Users\sonya\eclipse-workspace\Bundle_Automation_Projects/CRM_Screenshots/953094_CRM-Enivornment Selected.jpeg' src="C:\Users\sonya\eclipse-workspace\Bundle_Automation_Projects/CRM_Screenshots/953094_CRM-Enivornment Selected.jpeg">
    
    </div></div>
        </td>
      </tr>
      <tr class="event-row">
        <td><span class="badge log pass-bg">Pass</span></td>
        <td>10:01:42 pm</td>
        <td>
          Test Step :- CRM-Menu Selected || Executed on Browser : CHROME
        </td>
      </tr>
      <tr class="event-row">
        <td><span class="badge log pass-bg">Pass</span></td>
        <td>10:01:42 pm</td>
        <td>
          
    <div class="row mb-3"><div class="col-md-3">
<img data-featherlight='C:\Users\sonya\eclipse-workspace\Bundle_Automation_Projects/CRM_Screenshots/953094_CRM-Menu Selected.jpeg' src="C:\Users\sonya\eclipse-workspace\Bundle_Automation_Projects/CRM_Screenshots/953094_CRM-Menu Selected.jpeg">
    
    </div></div>
        </td>
      </tr>
      <tr class="event-row">
        <td><span class="badge log pass-bg">Pass</span></td>
        <td>10:01:43 pm</td>
        <td>
          Test Step :- CRM Add Menu Opened || Executed on Browser : CHROME
        </td>
      </tr>
      <tr class="event-row">
        <td><span class="badge log pass-bg">Pass</span></td>
        <td>10:01:43 pm</td>
        <td>
          
    <div class="row mb-3"><div class="col-md-3">
<img data-featherlight='C:\Users\sonya\eclipse-workspace\Bundle_Automation_Projects/CRM_Screenshots/953094_CRM Add Menu Opened.jpeg' src="C:\Users\sonya\eclipse-workspace\Bundle_Automation_Projects/CRM_Screenshots/953094_CRM Add Menu Opened.jpeg">
    
    </div></div>
        </td>
      </tr>
      <tr class="event-row">
        <td><span class="badge log pass-bg">Pass</span></td>
        <td>10:01:52 pm</td>
        <td>
          Test Step :- CRM Filled New Details || Executed on Browser : CHROME
        </td>
      </tr>
      <tr class="event-row">
        <td><span class="badge log pass-bg">Pass</span></td>
        <td>10:01:52 pm</td>
        <td>
          
    <div class="row mb-3"><div class="col-md-3">
<img data-featherlight='C:\Users\sonya\eclipse-workspace\Bundle_Automation_Projects/CRM_Screenshots/953094_CRM Filled New Details.jpeg' src="C:\Users\sonya\eclipse-workspace\Bundle_Automation_Projects/CRM_Screenshots/953094_CRM Filled New Details.jpeg">
    
    </div></div>
        </td>
      </tr>
      <tr class="event-row">
        <td><span class="badge log pass-bg">Pass</span></td>
        <td>10:01:59 pm</td>
        <td>
          Test Step :- CRM Save Duplicate Msg || Executed on Browser : CHROME
        </td>
      </tr>
      <tr class="event-row">
        <td><span class="badge log pass-bg">Pass</span></td>
        <td>10:01:59 pm</td>
        <td>
          
    <div class="row mb-3"><div class="col-md-3">
<img data-featherlight='C:\Users\sonya\eclipse-workspace\Bundle_Automation_Projects/CRM_Screenshots/953094_CRM Save Duplicate Msg.jpeg' src="C:\Users\sonya\eclipse-workspace\Bundle_Automation_Projects/CRM_Screenshots/953094_CRM Save Duplicate Msg.jpeg">
    
    </div></div>
        </td>
      </tr>
      <tr class="event-row">
        <td><span class="badge log pass-bg">Pass</span></td>
        <td>10:02:00 pm</td>
        <td>
          Test Step :- Maker Status Message || Executed on Browser : CHROME
        </td>
      </tr>
      <tr class="event-row">
        <td><span class="badge log pass-bg">Pass</span></td>
        <td>10:02:00 pm</td>
        <td>
          
    <div class="row mb-3"><div class="col-md-3">
<img data-featherlight='C:\Users\sonya\eclipse-workspace\Bundle_Automation_Projects/CRM_Screenshots/953094_Maker Status Message.jpeg' src="C:\Users\sonya\eclipse-workspace\Bundle_Automation_Projects/CRM_Screenshots/953094_Maker Status Message.jpeg">
    
    </div></div>
        </td>
      </tr>
      <tr class="event-row">
        <td><span class="badge log pass-bg">Pass</span></td>
        <td>10:02:00 pm</td>
        <td>
          Test Case : AddNewRecord is Passed. -Data Set :2
        </td>
      </tr>
  </tbody>
</table>
</div>
          </div>
        </li>
        <li class="test-item"  status="fail" test-id="3"
          author=""
          tag=""
          device="">
          <div class="test-detail">
            <p class="name">Browser Run : CHROME - AddNewRecord : Data Set :3</p>
            <p class="text-sm">
              <span>10:02:04 pm</span> / <span>00:00:32:100</span>
              <span class="badge fail-bg log float-right">Fail</span>
            </p>
          </div>
          <div class="test-contents d-none">
<div class="detail-head">
<div class="p-v-10">
<div class="info">
<h5 class="test-status text-fail">Browser Run : CHROME - AddNewRecord : Data Set :3</h5>
<span class='badge badge-success'>04.26.2025 10:02:04 pm</span>
<span class='badge badge-danger'>04.26.2025 10:02:36 pm</span>
<span class='badge badge-default'>00:00:32:100</span>
&middot; <span class='uri-anchor badge badge-default'>#test-id=3</span>
<span class='badge badge-default pointer float-right ml-1 et'><i class="fa fa-chevron-down"></i></span>
<span class='badge badge-default pointer float-right ct'><i class="fa fa-chevron-up"></i></span>
</div>
</div>
</div>    <div class="row mb-3"><div class="col-md-3">
<img data-featherlight='C:\Users\sonya\eclipse-workspace\Bundle_Automation_Projects/CRM_Screenshots/765952_Failed Snap.jpeg' src="C:\Users\sonya\eclipse-workspace\Bundle_Automation_Projects/CRM_Screenshots/765952_Failed Snap.jpeg">
    <div class="title">Test Step Failed</div>
    </div></div>
<div class="detail-body mt-4">
<table class="table table-sm">
  <thead><tr><th class="status-col">Status</th><th class="timestamp-col">Timestamp</th><th class="details-col">Details</th></tr></thead>
  <tbody>
      <tr class="event-row">
        <td><span class="badge log pass-bg">Pass</span></td>
        <td>10:02:06 pm</td>
        <td>
          Test Step :- Navigated to URL || Executed on Browser : CHROME
        </td>
      </tr>
      <tr class="event-row">
        <td><span class="badge log pass-bg">Pass</span></td>
        <td>10:02:06 pm</td>
        <td>
          
    <div class="row mb-3"><div class="col-md-3">
<img data-featherlight='C:\Users\sonya\eclipse-workspace\Bundle_Automation_Projects/CRM_Screenshots/765952_Navigated to URL.jpeg' src="C:\Users\sonya\eclipse-workspace\Bundle_Automation_Projects/CRM_Screenshots/765952_Navigated to URL.jpeg">
    
    </div></div>
        </td>
      </tr>
      <tr class="event-row">
        <td><span class="badge log pass-bg">Pass</span></td>
        <td>10:02:07 pm</td>
        <td>
          Test Step :- Maker Username Entered || Executed on Browser : CHROME
        </td>
      </tr>
      <tr class="event-row">
        <td><span class="badge log pass-bg">Pass</span></td>
        <td>10:02:07 pm</td>
        <td>
          
    <div class="row mb-3"><div class="col-md-3">
<img data-featherlight='C:\Users\sonya\eclipse-workspace\Bundle_Automation_Projects/CRM_Screenshots/765952_Maker Username Entered.jpeg' src="C:\Users\sonya\eclipse-workspace\Bundle_Automation_Projects/CRM_Screenshots/765952_Maker Username Entered.jpeg">
    
    </div></div>
        </td>
      </tr>
      <tr class="event-row">
        <td><span class="badge log pass-bg">Pass</span></td>
        <td>10:02:07 pm</td>
        <td>
          Test Step :- Maker Password Entered || Executed on Browser : CHROME
        </td>
      </tr>
      <tr class="event-row">
        <td><span class="badge log pass-bg">Pass</span></td>
        <td>10:02:07 pm</td>
        <td>
          
    <div class="row mb-3"><div class="col-md-3">
<img data-featherlight='C:\Users\sonya\eclipse-workspace\Bundle_Automation_Projects/CRM_Screenshots/765952_Maker Password Entered.jpeg' src="C:\Users\sonya\eclipse-workspace\Bundle_Automation_Projects/CRM_Screenshots/765952_Maker Password Entered.jpeg">
    
    </div></div>
        </td>
      </tr>
      <tr class="event-row">
        <td><span class="badge log pass-bg">Pass</span></td>
        <td>10:02:09 pm</td>
        <td>
          Test Step :- CRM-Successful Login || Executed on Browser : CHROME
        </td>
      </tr>
      <tr class="event-row">
        <td><span class="badge log pass-bg">Pass</span></td>
        <td>10:02:09 pm</td>
        <td>
          
    <div class="row mb-3"><div class="col-md-3">
<img data-featherlight='C:\Users\sonya\eclipse-workspace\Bundle_Automation_Projects/CRM_Screenshots/765952_CRM-Successful Login.jpeg' src="C:\Users\sonya\eclipse-workspace\Bundle_Automation_Projects/CRM_Screenshots/765952_CRM-Successful Login.jpeg">
    
    </div></div>
        </td>
      </tr>
      <tr class="event-row">
        <td><span class="badge log pass-bg">Pass</span></td>
        <td>10:02:10 pm</td>
        <td>
          Test Step :- CRM-Enivornment Selected || Executed on Browser : CHROME
        </td>
      </tr>
      <tr class="event-row">
        <td><span class="badge log pass-bg">Pass</span></td>
        <td>10:02:10 pm</td>
        <td>
          
    <div class="row mb-3"><div class="col-md-3">
<img data-featherlight='C:\Users\sonya\eclipse-workspace\Bundle_Automation_Projects/CRM_Screenshots/765952_CRM-Enivornment Selected.jpeg' src="C:\Users\sonya\eclipse-workspace\Bundle_Automation_Projects/CRM_Screenshots/765952_CRM-Enivornment Selected.jpeg">
    
    </div></div>
        </td>
      </tr>
      <tr class="event-row">
        <td><span class="badge log pass-bg">Pass</span></td>
        <td>10:02:18 pm</td>
        <td>
          Test Step :- CRM-Menu Selected || Executed on Browser : CHROME
        </td>
      </tr>
      <tr class="event-row">
        <td><span class="badge log pass-bg">Pass</span></td>
        <td>10:02:18 pm</td>
        <td>
          
    <div class="row mb-3"><div class="col-md-3">
<img data-featherlight='C:\Users\sonya\eclipse-workspace\Bundle_Automation_Projects/CRM_Screenshots/765952_CRM-Menu Selected.jpeg' src="C:\Users\sonya\eclipse-workspace\Bundle_Automation_Projects/CRM_Screenshots/765952_CRM-Menu Selected.jpeg">
    
    </div></div>
        </td>
      </tr>
      <tr class="event-row">
        <td><span class="badge log pass-bg">Pass</span></td>
        <td>10:02:20 pm</td>
        <td>
          Test Step :- CRM Add Menu Opened || Executed on Browser : CHROME
        </td>
      </tr>
      <tr class="event-row">
        <td><span class="badge log pass-bg">Pass</span></td>
        <td>10:02:20 pm</td>
        <td>
          
    <div class="row mb-3"><div class="col-md-3">
<img data-featherlight='C:\Users\sonya\eclipse-workspace\Bundle_Automation_Projects/CRM_Screenshots/765952_CRM Add Menu Opened.jpeg' src="C:\Users\sonya\eclipse-workspace\Bundle_Automation_Projects/CRM_Screenshots/765952_CRM Add Menu Opened.jpeg">
    
    </div></div>
        </td>
      </tr>
      <tr class="event-row">
        <td><span class="badge log fail-bg">Fail</span></td>
        <td>10:02:36 pm</td>
        <td>
          Test Case : AddNewRecord is Failed. / Executed on Browser : CHROME
        </td>
      </tr>
      <tr class="event-row">
        <td><span class="badge log fail-bg">Fail</span></td>
        <td>10:02:36 pm</td>
        <td>
          <textarea readonly class="code-block">org.openqa.selenium.TimeoutException: Expected condition failed: waiting for visibility of all [] (tried for 12 second(s) with 500 milliseconds interval)
Build info: version: '4.20.0', revision: '866c76ca80'
System info: os.name: 'Windows 10', os.arch: 'amd64', os.version: '10.0', java.version: '16.0.1'
Driver info: org.openqa.selenium.chrome.ChromeDriver
Capabilities {acceptInsecureCerts: false, browserName: chrome, browserVersion: 135.0.7049.115, chrome: {chromedriverVersion: 135.0.7049.114 (63fd8a7d9d0..., userDataDir: C:\Users\sonya\AppData\Loca...}, fedcm:accounts: true, goog:chromeOptions: {debuggerAddress: localhost:59908}, networkConnectionEnabled: false, pageLoadStrategy: normal, platformName: windows, proxy: Proxy(), se:cdp: ws://localhost:59908/devtoo..., se:cdpVersion: 135.0.7049.115, setWindowRect: true, strictFileInteractability: false, timeouts: {implicit: 0, pageLoad: 300000, script: 30000}, unhandledPromptBehavior: dismiss and notify, webauthn:extension:credBlob: true, webauthn:extension:largeBlob: true, webauthn:extension:minPinLength: true, webauthn:extension:prf: true, webauthn:virtualAuthenticators: true}
Session ID: 98fc76f1ba9e32e2daa5893c65e2c5cb
	at org.openqa.selenium.support.ui.WebDriverWait.timeoutException(WebDriverWait.java:84)
	at org.openqa.selenium.support.ui.FluentWait.until(FluentWait.java:228)
	at ePay_CRM.Test_ActionMethods.Method_SpRspCodeMapping.FillInAddDetails(Method_SpRspCodeMapping.java:111)
	at BundleUp.Bundle_Automation_Projects.TestCollection_CRM_ServiceProviderResponseCodeMapping.AddNewRecord(TestCollection_CRM_ServiceProviderResponseCodeMapping.java:39)
	at java.base/jdk.internal.reflect.NativeMethodAccessorImpl.invoke0(Native Method)
	at java.base/jdk.internal.reflect.NativeMethodAccessorImpl.invoke(NativeMethodAccessorImpl.java:78)
	at java.base/jdk.internal.reflect.DelegatingMethodAccessorImpl.invoke(DelegatingMethodAccessorImpl.java:43)
	at java.base/java.lang.reflect.Method.invoke(Method.java:567)
	at org.testng.internal.invokers.MethodInvocationHelper.invokeMethod(MethodInvocationHelper.java:139)
	at org.testng.internal.invokers.TestInvoker.invokeMethod(TestInvoker.java:664)
	at org.testng.internal.invokers.TestInvoker.invokeTestMethod(TestInvoker.java:227)
	at org.testng.internal.invokers.MethodRunner.runInSequence(MethodRunner.java:50)
	at org.testng.internal.invokers.TestInvoker$MethodInvocationAgent.invoke(TestInvoker.java:957)
	at org.testng.internal.invokers.TestInvoker.invokeTestMethods(TestInvoker.java:200)
	at org.testng.internal.invokers.TestMethodWorker.invokeTestMethods(TestMethodWorker.java:148)
	at org.testng.internal.invokers.TestMethodWorker.run(TestMethodWorker.java:128)
	at java.base/java.util.ArrayList.forEach(ArrayList.java:1511)
	at org.testng.TestRunner.privateRun(TestRunner.java:848)
	at org.testng.TestRunner.run(TestRunner.java:621)
	at org.testng.SuiteRunner.runTest(SuiteRunner.java:443)
	at org.testng.SuiteRunner.runSequentially(SuiteRunner.java:437)
	at org.testng.SuiteRunner.privateRun(SuiteRunner.java:397)
	at org.testng.SuiteRunner.run(SuiteRunner.java:336)
	at org.testng.SuiteRunnerWorker.runSuite(SuiteRunnerWorker.java:52)
	at org.testng.SuiteRunnerWorker.run(SuiteRunnerWorker.java:95)
	at org.testng.TestNG.runSuitesSequentially(TestNG.java:1280)
	at org.testng.TestNG.runSuitesLocally(TestNG.java:1200)
	at org.testng.TestNG.runSuites(TestNG.java:1114)
	at org.testng.TestNG.run(TestNG.java:1082)
	at org.testng.remote.AbstractRemoteTestNG.run(AbstractRemoteTestNG.java:115)
	at org.testng.remote.RemoteTestNG.initAndRun(RemoteTestNG.java:251)
	at org.testng.remote.RemoteTestNG.main(RemoteTestNG.java:77)
</textarea>
          
        </td>
      </tr>
  </tbody>
</table>
</div>
          </div>
        </li>
        <li class="test-item"  status="fail" test-id="4"
          author=""
          tag=""
          device="">
          <div class="test-detail">
            <p class="name">Browser Run : CHROME - AddNewRecord : Data Set :4</p>
            <p class="text-sm">
              <span>10:02:40 pm</span> / <span>00:00:25:064</span>
              <span class="badge fail-bg log float-right">Fail</span>
            </p>
          </div>
          <div class="test-contents d-none">
<div class="detail-head">
<div class="p-v-10">
<div class="info">
<h5 class="test-status text-fail">Browser Run : CHROME - AddNewRecord : Data Set :4</h5>
<span class='badge badge-success'>04.26.2025 10:02:40 pm</span>
<span class='badge badge-danger'>04.26.2025 10:03:05 pm</span>
<span class='badge badge-default'>00:00:25:064</span>
&middot; <span class='uri-anchor badge badge-default'>#test-id=4</span>
<span class='badge badge-default pointer float-right ml-1 et'><i class="fa fa-chevron-down"></i></span>
<span class='badge badge-default pointer float-right ct'><i class="fa fa-chevron-up"></i></span>
</div>
</div>
</div>    <div class="row mb-3"><div class="col-md-3">
<img data-featherlight='C:\Users\sonya\eclipse-workspace\Bundle_Automation_Projects/CRM_Screenshots/739753_Failed Snap.jpeg' src="C:\Users\sonya\eclipse-workspace\Bundle_Automation_Projects/CRM_Screenshots/739753_Failed Snap.jpeg">
    <div class="title">Test Step Failed</div>
    </div></div>
<div class="detail-body mt-4">
<table class="table table-sm">
  <thead><tr><th class="status-col">Status</th><th class="timestamp-col">Timestamp</th><th class="details-col">Details</th></tr></thead>
  <tbody>
      <tr class="event-row">
        <td><span class="badge log pass-bg">Pass</span></td>
        <td>10:02:42 pm</td>
        <td>
          Test Step :- Navigated to URL || Executed on Browser : CHROME
        </td>
      </tr>
      <tr class="event-row">
        <td><span class="badge log pass-bg">Pass</span></td>
        <td>10:02:42 pm</td>
        <td>
          
    <div class="row mb-3"><div class="col-md-3">
<img data-featherlight='C:\Users\sonya\eclipse-workspace\Bundle_Automation_Projects/CRM_Screenshots/739753_Navigated to URL.jpeg' src="C:\Users\sonya\eclipse-workspace\Bundle_Automation_Projects/CRM_Screenshots/739753_Navigated to URL.jpeg">
    
    </div></div>
        </td>
      </tr>
      <tr class="event-row">
        <td><span class="badge log pass-bg">Pass</span></td>
        <td>10:02:42 pm</td>
        <td>
          Test Step :- Maker Username Entered || Executed on Browser : CHROME
        </td>
      </tr>
      <tr class="event-row">
        <td><span class="badge log pass-bg">Pass</span></td>
        <td>10:02:42 pm</td>
        <td>
          
    <div class="row mb-3"><div class="col-md-3">
<img data-featherlight='C:\Users\sonya\eclipse-workspace\Bundle_Automation_Projects/CRM_Screenshots/739753_Maker Username Entered.jpeg' src="C:\Users\sonya\eclipse-workspace\Bundle_Automation_Projects/CRM_Screenshots/739753_Maker Username Entered.jpeg">
    
    </div></div>
        </td>
      </tr>
      <tr class="event-row">
        <td><span class="badge log pass-bg">Pass</span></td>
        <td>10:02:43 pm</td>
        <td>
          Test Step :- Maker Password Entered || Executed on Browser : CHROME
        </td>
      </tr>
      <tr class="event-row">
        <td><span class="badge log pass-bg">Pass</span></td>
        <td>10:02:43 pm</td>
        <td>
          
    <div class="row mb-3"><div class="col-md-3">
<img data-featherlight='C:\Users\sonya\eclipse-workspace\Bundle_Automation_Projects/CRM_Screenshots/739753_Maker Password Entered.jpeg' src="C:\Users\sonya\eclipse-workspace\Bundle_Automation_Projects/CRM_Screenshots/739753_Maker Password Entered.jpeg">
    
    </div></div>
        </td>
      </tr>
      <tr class="event-row">
        <td><span class="badge log pass-bg">Pass</span></td>
        <td>10:02:44 pm</td>
        <td>
          Test Step :- CRM-Successful Login || Executed on Browser : CHROME
        </td>
      </tr>
      <tr class="event-row">
        <td><span class="badge log pass-bg">Pass</span></td>
        <td>10:02:44 pm</td>
        <td>
          
    <div class="row mb-3"><div class="col-md-3">
<img data-featherlight='C:\Users\sonya\eclipse-workspace\Bundle_Automation_Projects/CRM_Screenshots/739753_CRM-Successful Login.jpeg' src="C:\Users\sonya\eclipse-workspace\Bundle_Automation_Projects/CRM_Screenshots/739753_CRM-Successful Login.jpeg">
    
    </div></div>
        </td>
      </tr>
      <tr class="event-row">
        <td><span class="badge log pass-bg">Pass</span></td>
        <td>10:02:45 pm</td>
        <td>
          Test Step :- CRM-Enivornment Selected || Executed on Browser : CHROME
        </td>
      </tr>
      <tr class="event-row">
        <td><span class="badge log pass-bg">Pass</span></td>
        <td>10:02:45 pm</td>
        <td>
          
    <div class="row mb-3"><div class="col-md-3">
<img data-featherlight='C:\Users\sonya\eclipse-workspace\Bundle_Automation_Projects/CRM_Screenshots/739753_CRM-Enivornment Selected.jpeg' src="C:\Users\sonya\eclipse-workspace\Bundle_Automation_Projects/CRM_Screenshots/739753_CRM-Enivornment Selected.jpeg">
    
    </div></div>
        </td>
      </tr>
      <tr class="event-row">
        <td><span class="badge log pass-bg">Pass</span></td>
        <td>10:02:54 pm</td>
        <td>
          Test Step :- CRM-Menu Selected || Executed on Browser : CHROME
        </td>
      </tr>
      <tr class="event-row">
        <td><span class="badge log pass-bg">Pass</span></td>
        <td>10:02:54 pm</td>
        <td>
          
    <div class="row mb-3"><div class="col-md-3">
<img data-featherlight='C:\Users\sonya\eclipse-workspace\Bundle_Automation_Projects/CRM_Screenshots/739753_CRM-Menu Selected.jpeg' src="C:\Users\sonya\eclipse-workspace\Bundle_Automation_Projects/CRM_Screenshots/739753_CRM-Menu Selected.jpeg">
    
    </div></div>
        </td>
      </tr>
      <tr class="event-row">
        <td><span class="badge log pass-bg">Pass</span></td>
        <td>10:02:56 pm</td>
        <td>
          Test Step :- CRM Add Menu Opened || Executed on Browser : CHROME
        </td>
      </tr>
      <tr class="event-row">
        <td><span class="badge log pass-bg">Pass</span></td>
        <td>10:02:56 pm</td>
        <td>
          
    <div class="row mb-3"><div class="col-md-3">
<img data-featherlight='C:\Users\sonya\eclipse-workspace\Bundle_Automation_Projects/CRM_Screenshots/739753_CRM Add Menu Opened.jpeg' src="C:\Users\sonya\eclipse-workspace\Bundle_Automation_Projects/CRM_Screenshots/739753_CRM Add Menu Opened.jpeg">
    
    </div></div>
        </td>
      </tr>
      <tr class="event-row">
        <td><span class="badge log pass-bg">Pass</span></td>
        <td>10:03:03 pm</td>
        <td>
          Test Step :- CRM Filled New Details || Executed on Browser : CHROME
        </td>
      </tr>
      <tr class="event-row">
        <td><span class="badge log pass-bg">Pass</span></td>
        <td>10:03:03 pm</td>
        <td>
          
    <div class="row mb-3"><div class="col-md-3">
<img data-featherlight='C:\Users\sonya\eclipse-workspace\Bundle_Automation_Projects/CRM_Screenshots/739753_CRM Filled New Details.jpeg' src="C:\Users\sonya\eclipse-workspace\Bundle_Automation_Projects/CRM_Screenshots/739753_CRM Filled New Details.jpeg">
    
    </div></div>
        </td>
      </tr>
      <tr class="event-row">
        <td><span class="badge log pass-bg">Pass</span></td>
        <td>10:03:05 pm</td>
        <td>
          Test Step :- Maker Screen ErrorMsg 1 || Executed on Browser : CHROME
        </td>
      </tr>
      <tr class="event-row">
        <td><span class="badge log pass-bg">Pass</span></td>
        <td>10:03:05 pm</td>
        <td>
          
    <div class="row mb-3"><div class="col-md-3">
<img data-featherlight='C:\Users\sonya\eclipse-workspace\Bundle_Automation_Projects/CRM_Screenshots/739753_Maker Screen ErrorMsg 1.jpeg' src="C:\Users\sonya\eclipse-workspace\Bundle_Automation_Projects/CRM_Screenshots/739753_Maker Screen ErrorMsg 1.jpeg">
    
    </div></div>
        </td>
      </tr>
      <tr class="event-row">
        <td><span class="badge log fail-bg">Fail</span></td>
        <td>10:03:05 pm</td>
        <td>
          Test Case : AddNewRecord is Failed. / Executed on Browser : CHROME
        </td>
      </tr>
      <tr class="event-row">
        <td><span class="badge log fail-bg">Fail</span></td>
        <td>10:03:05 pm</td>
        <td>
          <textarea readonly class="code-block">java.lang.AssertionError: The following asserts failed:
	expected [On Save Sucess Msg Verifcation] but found [Service Provider Response Message field is required]
	at org.testng.asserts.SoftAssert.assertAll(SoftAssert.java:46)
	at org.testng.asserts.SoftAssert.assertAll(SoftAssert.java:30)
	at ePay_CRM.Test_ActionMethods.Method_SpRspCodeMapping.FieldError(Method_SpRspCodeMapping.java:200)
	at BundleUp.Bundle_Automation_Projects.TestCollection_CRM_ServiceProviderResponseCodeMapping.AddNewRecord(TestCollection_CRM_ServiceProviderResponseCodeMapping.java:41)
	at java.base/jdk.internal.reflect.NativeMethodAccessorImpl.invoke0(Native Method)
	at java.base/jdk.internal.reflect.NativeMethodAccessorImpl.invoke(NativeMethodAccessorImpl.java:78)
	at java.base/jdk.internal.reflect.DelegatingMethodAccessorImpl.invoke(DelegatingMethodAccessorImpl.java:43)
	at java.base/java.lang.reflect.Method.invoke(Method.java:567)
	at org.testng.internal.invokers.MethodInvocationHelper.invokeMethod(MethodInvocationHelper.java:139)
	at org.testng.internal.invokers.TestInvoker.invokeMethod(TestInvoker.java:664)
	at org.testng.internal.invokers.TestInvoker.invokeTestMethod(TestInvoker.java:227)
	at org.testng.internal.invokers.MethodRunner.runInSequence(MethodRunner.java:50)
	at org.testng.internal.invokers.TestInvoker$MethodInvocationAgent.invoke(TestInvoker.java:957)
	at org.testng.internal.invokers.TestInvoker.invokeTestMethods(TestInvoker.java:200)
	at org.testng.internal.invokers.TestMethodWorker.invokeTestMethods(TestMethodWorker.java:148)
	at org.testng.internal.invokers.TestMethodWorker.run(TestMethodWorker.java:128)
	at java.base/java.util.ArrayList.forEach(ArrayList.java:1511)
	at org.testng.TestRunner.privateRun(TestRunner.java:848)
	at org.testng.TestRunner.run(TestRunner.java:621)
	at org.testng.SuiteRunner.runTest(SuiteRunner.java:443)
	at org.testng.SuiteRunner.runSequentially(SuiteRunner.java:437)
	at org.testng.SuiteRunner.privateRun(SuiteRunner.java:397)
	at org.testng.SuiteRunner.run(SuiteRunner.java:336)
	at org.testng.SuiteRunnerWorker.runSuite(SuiteRunnerWorker.java:52)
	at org.testng.SuiteRunnerWorker.run(SuiteRunnerWorker.java:95)
	at org.testng.TestNG.runSuitesSequentially(TestNG.java:1280)
	at org.testng.TestNG.runSuitesLocally(TestNG.java:1200)
	at org.testng.TestNG.runSuites(TestNG.java:1114)
	at org.testng.TestNG.run(TestNG.java:1082)
	at org.testng.remote.AbstractRemoteTestNG.run(AbstractRemoteTestNG.java:115)
	at org.testng.remote.RemoteTestNG.initAndRun(RemoteTestNG.java:251)
	at org.testng.remote.RemoteTestNG.main(RemoteTestNG.java:77)
</textarea>
          
        </td>
      </tr>
  </tbody>
</table>
</div>
          </div>
        </li>
        <li class="test-item"  status="fail" test-id="5"
          author=""
          tag=""
          device="">
          <div class="test-detail">
            <p class="name">Browser Run : CHROME - AddNewRecord : Data Set :5</p>
            <p class="text-sm">
              <span>10:03:10 pm</span> / <span>00:00:36:567</span>
              <span class="badge fail-bg log float-right">Fail</span>
            </p>
          </div>
          <div class="test-contents d-none">
<div class="detail-head">
<div class="p-v-10">
<div class="info">
<h5 class="test-status text-fail">Browser Run : CHROME - AddNewRecord : Data Set :5</h5>
<span class='badge badge-success'>04.26.2025 10:03:10 pm</span>
<span class='badge badge-danger'>04.26.2025 10:03:46 pm</span>
<span class='badge badge-default'>00:00:36:567</span>
&middot; <span class='uri-anchor badge badge-default'>#test-id=5</span>
<span class='badge badge-default pointer float-right ml-1 et'><i class="fa fa-chevron-down"></i></span>
<span class='badge badge-default pointer float-right ct'><i class="fa fa-chevron-up"></i></span>
</div>
</div>
</div>    <div class="row mb-3"><div class="col-md-3">
<img data-featherlight='C:\Users\sonya\eclipse-workspace\Bundle_Automation_Projects/CRM_Screenshots/911899_Failed Snap.jpeg' src="C:\Users\sonya\eclipse-workspace\Bundle_Automation_Projects/CRM_Screenshots/911899_Failed Snap.jpeg">
    <div class="title">Test Step Failed</div>
    </div></div>
<div class="detail-body mt-4">
<table class="table table-sm">
  <thead><tr><th class="status-col">Status</th><th class="timestamp-col">Timestamp</th><th class="details-col">Details</th></tr></thead>
  <tbody>
      <tr class="event-row">
        <td><span class="badge log pass-bg">Pass</span></td>
        <td>10:03:11 pm</td>
        <td>
          Test Step :- Navigated to URL || Executed on Browser : CHROME
        </td>
      </tr>
      <tr class="event-row">
        <td><span class="badge log pass-bg">Pass</span></td>
        <td>10:03:11 pm</td>
        <td>
          
    <div class="row mb-3"><div class="col-md-3">
<img data-featherlight='C:\Users\sonya\eclipse-workspace\Bundle_Automation_Projects/CRM_Screenshots/911899_Navigated to URL.jpeg' src="C:\Users\sonya\eclipse-workspace\Bundle_Automation_Projects/CRM_Screenshots/911899_Navigated to URL.jpeg">
    
    </div></div>
        </td>
      </tr>
      <tr class="event-row">
        <td><span class="badge log pass-bg">Pass</span></td>
        <td>10:03:12 pm</td>
        <td>
          Test Step :- Maker Username Entered || Executed on Browser : CHROME
        </td>
      </tr>
      <tr class="event-row">
        <td><span class="badge log pass-bg">Pass</span></td>
        <td>10:03:12 pm</td>
        <td>
          
    <div class="row mb-3"><div class="col-md-3">
<img data-featherlight='C:\Users\sonya\eclipse-workspace\Bundle_Automation_Projects/CRM_Screenshots/911899_Maker Username Entered.jpeg' src="C:\Users\sonya\eclipse-workspace\Bundle_Automation_Projects/CRM_Screenshots/911899_Maker Username Entered.jpeg">
    
    </div></div>
        </td>
      </tr>
      <tr class="event-row">
        <td><span class="badge log pass-bg">Pass</span></td>
        <td>10:03:12 pm</td>
        <td>
          Test Step :- Maker Password Entered || Executed on Browser : CHROME
        </td>
      </tr>
      <tr class="event-row">
        <td><span class="badge log pass-bg">Pass</span></td>
        <td>10:03:12 pm</td>
        <td>
          
    <div class="row mb-3"><div class="col-md-3">
<img data-featherlight='C:\Users\sonya\eclipse-workspace\Bundle_Automation_Projects/CRM_Screenshots/911899_Maker Password Entered.jpeg' src="C:\Users\sonya\eclipse-workspace\Bundle_Automation_Projects/CRM_Screenshots/911899_Maker Password Entered.jpeg">
    
    </div></div>
        </td>
      </tr>
      <tr class="event-row">
        <td><span class="badge log pass-bg">Pass</span></td>
        <td>10:03:13 pm</td>
        <td>
          Test Step :- CRM-Successful Login || Executed on Browser : CHROME
        </td>
      </tr>
      <tr class="event-row">
        <td><span class="badge log pass-bg">Pass</span></td>
        <td>10:03:13 pm</td>
        <td>
          
    <div class="row mb-3"><div class="col-md-3">
<img data-featherlight='C:\Users\sonya\eclipse-workspace\Bundle_Automation_Projects/CRM_Screenshots/911899_CRM-Successful Login.jpeg' src="C:\Users\sonya\eclipse-workspace\Bundle_Automation_Projects/CRM_Screenshots/911899_CRM-Successful Login.jpeg">
    
    </div></div>
        </td>
      </tr>
      <tr class="event-row">
        <td><span class="badge log pass-bg">Pass</span></td>
        <td>10:03:14 pm</td>
        <td>
          Test Step :- CRM-Enivornment Selected || Executed on Browser : CHROME
        </td>
      </tr>
      <tr class="event-row">
        <td><span class="badge log pass-bg">Pass</span></td>
        <td>10:03:14 pm</td>
        <td>
          
    <div class="row mb-3"><div class="col-md-3">
<img data-featherlight='C:\Users\sonya\eclipse-workspace\Bundle_Automation_Projects/CRM_Screenshots/911899_CRM-Enivornment Selected.jpeg' src="C:\Users\sonya\eclipse-workspace\Bundle_Automation_Projects/CRM_Screenshots/911899_CRM-Enivornment Selected.jpeg">
    
    </div></div>
        </td>
      </tr>
      <tr class="event-row">
        <td><span class="badge log pass-bg">Pass</span></td>
        <td>10:03:23 pm</td>
        <td>
          Test Step :- CRM-Menu Selected || Executed on Browser : CHROME
        </td>
      </tr>
      <tr class="event-row">
        <td><span class="badge log pass-bg">Pass</span></td>
        <td>10:03:23 pm</td>
        <td>
          
    <div class="row mb-3"><div class="col-md-3">
<img data-featherlight='C:\Users\sonya\eclipse-workspace\Bundle_Automation_Projects/CRM_Screenshots/911899_CRM-Menu Selected.jpeg' src="C:\Users\sonya\eclipse-workspace\Bundle_Automation_Projects/CRM_Screenshots/911899_CRM-Menu Selected.jpeg">
    
    </div></div>
        </td>
      </tr>
      <tr class="event-row">
        <td><span class="badge log pass-bg">Pass</span></td>
        <td>10:03:25 pm</td>
        <td>
          Test Step :- CRM Add Menu Opened || Executed on Browser : CHROME
        </td>
      </tr>
      <tr class="event-row">
        <td><span class="badge log pass-bg">Pass</span></td>
        <td>10:03:25 pm</td>
        <td>
          
    <div class="row mb-3"><div class="col-md-3">
<img data-featherlight='C:\Users\sonya\eclipse-workspace\Bundle_Automation_Projects/CRM_Screenshots/911899_CRM Add Menu Opened.jpeg' src="C:\Users\sonya\eclipse-workspace\Bundle_Automation_Projects/CRM_Screenshots/911899_CRM Add Menu Opened.jpeg">
    
    </div></div>
        </td>
      </tr>
      <tr class="event-row">
        <td><span class="badge log fail-bg">Fail</span></td>
        <td>10:03:46 pm</td>
        <td>
          Test Case : AddNewRecord is Failed. / Executed on Browser : CHROME
        </td>
      </tr>
      <tr class="event-row">
        <td><span class="badge log fail-bg">Fail</span></td>
        <td>10:03:46 pm</td>
        <td>
          <textarea readonly class="code-block">org.openqa.selenium.TimeoutException: Expected condition failed: waiting for visibility of all [] (tried for 10 second(s) with 500 milliseconds interval)
Build info: version: '4.20.0', revision: '866c76ca80'
System info: os.name: 'Windows 10', os.arch: 'amd64', os.version: '10.0', java.version: '16.0.1'
Driver info: org.openqa.selenium.chrome.ChromeDriver
Capabilities {acceptInsecureCerts: false, browserName: chrome, browserVersion: 135.0.7049.115, chrome: {chromedriverVersion: 135.0.7049.114 (63fd8a7d9d0..., userDataDir: C:\Users\sonya\AppData\Loca...}, fedcm:accounts: true, goog:chromeOptions: {debuggerAddress: localhost:59976}, networkConnectionEnabled: false, pageLoadStrategy: normal, platformName: windows, proxy: Proxy(), se:cdp: ws://localhost:59976/devtoo..., se:cdpVersion: 135.0.7049.115, setWindowRect: true, strictFileInteractability: false, timeouts: {implicit: 0, pageLoad: 300000, script: 30000}, unhandledPromptBehavior: dismiss and notify, webauthn:extension:credBlob: true, webauthn:extension:largeBlob: true, webauthn:extension:minPinLength: true, webauthn:extension:prf: true, webauthn:virtualAuthenticators: true}
Session ID: 21634d64fbfef219b4fe05a016eb2946
	at org.openqa.selenium.support.ui.WebDriverWait.timeoutException(WebDriverWait.java:84)
	at org.openqa.selenium.support.ui.FluentWait.until(FluentWait.java:228)
	at ePay_CRM.Test_ActionMethods.Method_SpRspCodeMapping.FillInAddDetails(Method_SpRspCodeMapping.java:85)
	at BundleUp.Bundle_Automation_Projects.TestCollection_CRM_ServiceProviderResponseCodeMapping.AddNewRecord(TestCollection_CRM_ServiceProviderResponseCodeMapping.java:39)
	at java.base/jdk.internal.reflect.NativeMethodAccessorImpl.invoke0(Native Method)
	at java.base/jdk.internal.reflect.NativeMethodAccessorImpl.invoke(NativeMethodAccessorImpl.java:78)
	at java.base/jdk.internal.reflect.DelegatingMethodAccessorImpl.invoke(DelegatingMethodAccessorImpl.java:43)
	at java.base/java.lang.reflect.Method.invoke(Method.java:567)
	at org.testng.internal.invokers.MethodInvocationHelper.invokeMethod(MethodInvocationHelper.java:139)
	at org.testng.internal.invokers.TestInvoker.invokeMethod(TestInvoker.java:664)
	at org.testng.internal.invokers.TestInvoker.invokeTestMethod(TestInvoker.java:227)
	at org.testng.internal.invokers.MethodRunner.runInSequence(MethodRunner.java:50)
	at org.testng.internal.invokers.TestInvoker$MethodInvocationAgent.invoke(TestInvoker.java:957)
	at org.testng.internal.invokers.TestInvoker.invokeTestMethods(TestInvoker.java:200)
	at org.testng.internal.invokers.TestMethodWorker.invokeTestMethods(TestMethodWorker.java:148)
	at org.testng.internal.invokers.TestMethodWorker.run(TestMethodWorker.java:128)
	at java.base/java.util.ArrayList.forEach(ArrayList.java:1511)
	at org.testng.TestRunner.privateRun(TestRunner.java:848)
	at org.testng.TestRunner.run(TestRunner.java:621)
	at org.testng.SuiteRunner.runTest(SuiteRunner.java:443)
	at org.testng.SuiteRunner.runSequentially(SuiteRunner.java:437)
	at org.testng.SuiteRunner.privateRun(SuiteRunner.java:397)
	at org.testng.SuiteRunner.run(SuiteRunner.java:336)
	at org.testng.SuiteRunnerWorker.runSuite(SuiteRunnerWorker.java:52)
	at org.testng.SuiteRunnerWorker.run(SuiteRunnerWorker.java:95)
	at org.testng.TestNG.runSuitesSequentially(TestNG.java:1280)
	at org.testng.TestNG.runSuitesLocally(TestNG.java:1200)
	at org.testng.TestNG.runSuites(TestNG.java:1114)
	at org.testng.TestNG.run(TestNG.java:1082)
	at org.testng.remote.AbstractRemoteTestNG.run(AbstractRemoteTestNG.java:115)
	at org.testng.remote.RemoteTestNG.initAndRun(RemoteTestNG.java:251)
	at org.testng.remote.RemoteTestNG.main(RemoteTestNG.java:77)
</textarea>
          
        </td>
      </tr>
  </tbody>
</table>
</div>
          </div>
        </li>
      </ul>
    </div>
  </div>
<div class="test-content scrollable">
<div class="test-content-tools">
<ul><li><a class="back-to-test" href="#"><i class="fa fa-arrow-left"></i></a></li></ul>
</div>
<div class="test-content-detail"><div class="detail-body"></div></div>
</div></div>
<div class="test-wrapper row view exception-view attributes-view">
<div class="test-list">
<div class="test-list-tools">
<ul class="tools pull-left"><li><a href=""><span class="font-size-14">Exception</span></a></li></ul>
<ul class="tools text-right"><li><a href="#"><span class="badge badge-primary">2</span></a></li></ul>
</div>
<div class="test-list-wrapper scrollable">
<ul class="test-list-item">
<li class="test-item">
<div class="test-detail">
<span class="meta">
<span class='badge log badge-danger'>3</span>
</span>
<p class="name">org.openqa.selenium.TimeoutException</p>
<p class="duration text-sm">3 tests</p>
</div>
<div class="test-contents d-none">
<div class="info">
<h4>org.openqa.selenium.TimeoutException</h4>
<span status="fail" class='badge log badge-danger'>3 failed</span>
</div>
<table class='table table-sm mt-4'>
<thead>
<tr>
<th class="status-col">Status</th>
<th class="timestamp-col">Timestamp</th>
<th>TestName</th>
</tr>
</thead>
<tbody>
<tr class="tag-test-status" status="fail">
<td><span class="badge log fail-bg">Fail</span></td>
<td>22:00:48 pm</td>
<td>
<a href="#" class="linked" test-id='1' id='1'>Browser Run : CHROME - AddNewRecord : Data Set :1</a>
</td>
</tr>
<tr class="tag-test-status" status="fail">
<td><span class="badge log fail-bg">Fail</span></td>
<td>22:02:04 pm</td>
<td>
<a href="#" class="linked" test-id='3' id='3'>Browser Run : CHROME - AddNewRecord : Data Set :3</a>
</td>
</tr>
<tr class="tag-test-status" status="fail">
<td><span class="badge log fail-bg">Fail</span></td>
<td>22:03:10 pm</td>
<td>
<a href="#" class="linked" test-id='5' id='5'>Browser Run : CHROME - AddNewRecord : Data Set :5</a>
</td>
</tr>
</tbody>
</table>
</div>
</li>
<li class="test-item">
<div class="test-detail">
<span class="meta">
<span class='badge log badge-danger'>1</span>
</span>
<p class="name">java.lang.AssertionError</p>
<p class="duration text-sm">1 tests</p>
</div>
<div class="test-contents d-none">
<div class="info">
<h4>java.lang.AssertionError</h4>
<span status="fail" class='badge log badge-danger'>1 failed</span>
</div>
<table class='table table-sm mt-4'>
<thead>
<tr>
<th class="status-col">Status</th>
<th class="timestamp-col">Timestamp</th>
<th>TestName</th>
</tr>
</thead>
<tbody>
<tr class="tag-test-status" status="fail">
<td><span class="badge log fail-bg">Fail</span></td>
<td>22:02:40 pm</td>
<td>
<a href="#" class="linked" test-id='4' id='4'>Browser Run : CHROME - AddNewRecord : Data Set :4</a>
</td>
</tr>
</tbody>
</table>
</div>
</li>
</ul>
</div>
</div>
<div class="test-content scrollable">
<div class="test-content-detail">
<div class="detail-body"></div>
</div>
</div>
</div><div class="container-fluid p-4 view dashboard-view">
<div class="row">
<div class="col-md-3">
<div class="card"><div class="card-body">
<p class="m-b-0">Started</p>
<h3>Apr 26, 2025 10:00:39 pm</h3>
</div></div>
</div>
<div class="col-md-3">
<div class="card"><div class="card-body">
<p class="m-b-0">Ended</p>
<h3>Apr 26, 2025 10:03:47 pm</h3>
</div></div>
</div>
<div class="col-md-3">
<div class="card"><div class="card-body">
<p class="m-b-0 text-pass">Tests Passed</p>
<h3>1</h3>
</div></div>
</div>
<div class="col-md-3">
<div class="card"><div class="card-body">
<p class="m-b-0 text-fail">Tests Failed</p>
<h3>4</h3>
</div></div>
</div>
</div>
<div class="row">
<div class="col-md-6">
<div class="card">
<div class="card-header">
<h6 class="card-title">Tests</h6>
</div>
<div class="card-body">
<div class="">
<canvas id='parent-analysis' width='115' height='90'></canvas>
</div>
</div>
<div class="card-footer">
<div><small data-tooltip='20%'>
<b>1</b> tests passed
</small>
</div>
<div>
<small data-tooltip='80%'><b>4</b> tests failed,
<b>0</b> skipped, <b data-tooltip='0%'>0</b> others
</small>
</div>
</div>
</div>
</div>
<div class="col-md-6">
<div class="card">
<div class="card-header">
<h6 class="card-title">Log events</h6>
</div>
<div class="card-body">
<div class="">
<canvas id='events-analysis' width='115' height='90'></canvas>
</div>
</div>
<div class="card-footer">
<div><small data-tooltip='91%'><b>81</b> events passed</small></div>
<div>
<small data-tooltip='8%'><b>8</b> events failed,
<b data-tooltip='%'>0</b> others
</small>
</div>
</div>
</div>
</div>
</div>
<div class="row"><div class="col-md-12">
<div class="card"><div class="card-header"><p>Timeline</p></div>
<div class="card-body pt-0"><div>
<canvas id="timeline" height="120"></canvas>
</div></div>
</div>
</div></div>
<script>
var timeline = {
"Browser Run : CHROME - AddNewRecord : Data Set :1":33.078,"Browser Run : CHROME - AddNewRecord : Data Set :2":34.231,"Browser Run : CHROME - AddNewRecord : Data Set :3":32.1,"Browser Run : CHROME - AddNewRecord : Data Set :4":25.064,"Browser Run : CHROME - AddNewRecord : Data Set :5":36.567
};
</script>
<div class="row">
<div class="col-lg-6 col-md-12 sysenv-container">
<div class="card">
<div class="card-header"><p>System/Environment</p></div>
<div class="card-body pb-0 pt-0"><table class="table table-sm table-bordered">
<thead><tr class="bg-gray"><th>Name</th><th>Value</th></tr></thead>
<tbody>
<tr>
<td>Automation Testing Done By</td>
<td>Sonyarani Dhara-Sr.Test Engineer</td>
</tr>
<tr>
<td>Environment</td>
<td>SIT</td>
</tr>
</tbody>
</table></div>
</div>
</div>
</div>
</div>
<script>
var statusGroup = {
parentCount: 5,
passParent: 1,
failParent: 4,
warningParent: 0,
skipParent: 0,
childCount: 5,
passChild: 0,
failChild: 0,
warningChild: 0,
skipChild: 0,
infoChild: 0,
grandChildCount: 5,
passGrandChild: 0,
failGrandChild: 0,
warningGrandChild: 0,
skipGrandChild: 0,
infoGrandChild: 0,
eventsCount: 5,
passEvents: 81,
failEvents: 8,
warningEvents: 0,
skipEvents: 0,
infoEvents: 0
};
</script>        </div>
      </div>
    </div>
  </div>
<script src="https://cdn.jsdelivr.net/gh/extent-framework/extent-github-cdn@d6562a79075e061305ccfdb82f01e5e195e2d307/spark/js/spark-script.js"></script>
<script type="text/javascript"></script></body>
</html>