<!DOCTYPE html PUBLIC "-//W3C//DTD XHTML 1.1//EN" "https://www.w3.org/TR/xhtml11/DTD/xhtml11.dtd">
<html xmlns="https://www.w3.org/1999/xhtml">
<head>
<meta http-equiv="content-type" content="text/html; charset=UTF-8"/>
<title>TestNG Report</title>
<style type="text/css">table {margin-bottom:10px;border-collapse:collapse;empty-cells:show}th,td {border:1px solid #009;padding:.25em .5em}th {vertical-align:bottom}td {vertical-align:top}table a {font-weight:bold}.stripe td {background-color: #E6EBF9}.num {text-align:right}.passedodd td {background-color: #3F3}.passedeven td {background-color: #0A0}.skippedodd td {background-color: #DDD}.skippedeven td {background-color: #CCC}.failedodd td,.attn {background-color: #F33}.failedeven td,.stripe .attn {background-color: #D00}.stacktrace {white-space:pre;font-family:monospace}.totop {font-size:85%;text-align:center;border-bottom:2px solid #000}.invisible {display:none}</style>
</head>
<body>
<table>
<tr><th>Test</th><th># Passed</th><th># Skipped</th><th># Retried</th><th># Failed</th><th>Time (ms)</th><th>Included Groups</th><th>Excluded Groups</th></tr>
<tr><th colspan="8">TestAutomationPractive</th></tr>
<tr><td><a href="#t0">Blogspot</a></td><td class="num">0</td><td class="num">0</td><td class="num">0</td><td class="num attn">4</td><td class="num">34,004</td><td></td><td></td></tr>
</table>
<table id='summary'><thead><tr><th>Class</th><th>Method</th><th>Start</th><th>Time (ms)</th></tr></thead><tbody><tr><th colspan="4">TestAutomationPractive</th></tr></tbody><tbody id="t0"><tr><th colspan="4">Blogspot &#8212; failed</th></tr><tr class="failedeven"><td rowspan="4">com.pivotree.auto.training.TC_FailureTestCase</td><td><a href="#m0">Validate_Enter_OnlyEndDate</a></td><td rowspan="1">1748094277783</td><td rowspan="1">4766</td></tr><tr class="failedeven"><td><a href="#m1">Validate_Enter_OnlyStartDate</a></td><td rowspan="1">1748094270322</td><td rowspan="1">4784</td></tr><tr class="failedeven"><td><a href="#m2">Validate_No_Value_Enter_StartEndDate</a></td><td rowspan="1">1748094285410</td><td rowspan="1">4939</td></tr><tr class="failedeven"><td><a href="#m3">Validate_StartDate_GreaterEndDate</a></td><td rowspan="1">1748094293068</td><td rowspan="1">5633</td></tr></tbody>
</table>
<h2>Blogspot</h2><h3 id="m0">com.pivotree.auto.training.TC_FailureTestCase#Validate_Enter_OnlyEndDate</h3><table class="result"><tr><th>Exception</th></tr><tr><td><div class="stacktrace">java.lang.AssertionError: Verify On-Submit Error expected [Please select both start and end dates.] but found [Dummy-Please select both start and end dates.]
	at ePay_CRM.Test_ActionMethods.Method_BlogSpot.validateFailDateErrors(Method_BlogSpot.java:488)
	at com.pivotree.auto.training.TC_FailureTestCase.Validate_Enter_OnlyEndDate(TC_FailureTestCase.java:24)
	at java.base/java.util.ArrayList.forEach(ArrayList.java:1511)
... Removed 32 stack frames</div></td></tr></table><p class="totop"><a href="#summary">back to summary</a></p>
<h3 id="m1">com.pivotree.auto.training.TC_FailureTestCase#Validate_Enter_OnlyStartDate</h3><table class="result"><tr><th>Exception</th></tr><tr><td><div class="stacktrace">java.lang.AssertionError: Verify On-Submit Error expected [Please select both start and end dates.] but found [Dummy-Please select both start and end dates.]
	at ePay_CRM.Test_ActionMethods.Method_BlogSpot.validateFailDateErrors(Method_BlogSpot.java:480)
	at com.pivotree.auto.training.TC_FailureTestCase.Validate_Enter_OnlyStartDate(TC_FailureTestCase.java:16)
	at java.base/java.util.ArrayList.forEach(ArrayList.java:1511)
... Removed 32 stack frames</div></td></tr></table><p class="totop"><a href="#summary">back to summary</a></p>
<h3 id="m2">com.pivotree.auto.training.TC_FailureTestCase#Validate_No_Value_Enter_StartEndDate</h3><table class="result"><tr><th>Exception</th></tr><tr><td><div class="stacktrace">java.lang.AssertionError: Verify On-Submit Error expected [Please select both start and end dates.] but found [Dummy-Please select both start and end dates.]
	at ePay_CRM.Test_ActionMethods.Method_BlogSpot.validateFailDateErrors(Method_BlogSpot.java:495)
	at com.pivotree.auto.training.TC_FailureTestCase.Validate_No_Value_Enter_StartEndDate(TC_FailureTestCase.java:32)
	at java.base/java.util.ArrayList.forEach(ArrayList.java:1511)
... Removed 32 stack frames</div></td></tr></table><p class="totop"><a href="#summary">back to summary</a></p>
<h3 id="m3">com.pivotree.auto.training.TC_FailureTestCase#Validate_StartDate_GreaterEndDate</h3><table class="result"><tr><th>Exception</th></tr><tr><td><div class="stacktrace">java.lang.AssertionError: Verify On-Submit Error expected [End date must be after start date.] but found [Dummy-End date must be after start date.]
	at ePay_CRM.Test_ActionMethods.Method_BlogSpot.validateFailDateErrors(Method_BlogSpot.java:505)
	at com.pivotree.auto.training.TC_FailureTestCase.Validate_StartDate_GreaterEndDate(TC_FailureTestCase.java:40)
	at java.base/java.util.ArrayList.forEach(ArrayList.java:1511)
... Removed 32 stack frames</div></td></tr></table><p class="totop"><a href="#summary">back to summary</a></p>
</body>
</html>
